['1', 'Denver Broncos', '18', '1', '7', '27']
['2', 'Philadelphia Eagles', '1', '2', '10', '32']
['3', 'Green Bay Packers', '4', '3', '25', '24', '']
['4', 'Chicago Bears', '7', '4', '32', '15']
['5', 'New Orleans Saints', '26', '5', '19', '2']
['6', 'San Diego Chargers', '21', '6', '12', '29']
['7', 'Detroit Lions', '22', '7', '6', '23']
['8', 'Dallas Cowboys', '8', '8', '30', '27']
['9', 'Seattle Seahawks', '12', '9', '8', '1']
['10', 'New England Patriots', '11', '10', '30', '18']
['11', 'Cincinnati Bengals', '27', '11', '5', '5']
['12', 'Minnesota Vikings', '2', '12', '16', '31']
['13', 'Atlanta Falcons', '24', '13', '31', '21']
['14', 'San Francisco 49ers', '9', '14', '4', '7']
['15', 'Washington Redskins', '3', '15', '17', '20']
['16', 'Arizona Cardinals', '28', '16', '1', '14']
['17', 'Indianapolis Colts', '13', '17', '26', '13']
['18', 'Pittsburgh Steelers', '29', '18', '21', '9']
['19', 'Oakland Raiders', '6', '19', '13', '28']
['20', 'Kansas City Chiefs', '5', '20', '22', '25']
['21', 'Tennessee Titans', '17', '21', '20', '11']
['22', 'Houston Texans', '16', '22', '23', '3']
['23', 'Carolina Panthers', '15', '23', '2', '6']
['24', 'Cleveland Browns', '23', '24', '18', '8']
['25', 'New York Jets', '10', '25', '3', '22']
['26', 'Miami Dolphins', '20', '26', '24', '16']
['27', 'New York Giants', '30', '27', '14', '10']
['28', 'St. Louis Rams', '19', '28', '9', '19']
['29', 'Buffalo Bills', '14', '29', '28', '4']
['30', 'Jacksonville Jaguars', '31', '30', '29', '26']
['31', 'Baltimore Ravens', '32', '31', '11', '12']
['32', 'Tampa Bay Buccaneers', '25', '32', '15', '17']
loaded Network, now running matchups...
Indianapolis Colts  vs. Houston Texans
[ 0.46129565  0.52789247]
New England Patriots  vs. Buffalo Bills
[ 0.52361172  0.47189098]
Jacksonville Jaguars  vs. Tennessee Titans
[ 0.57959113  0.43199251]
Carolina Panthers  vs. Cincinnati Bengals
[ 0.64084965  0.46969015]
New York Giants  vs. Philadelphia Eagles
[ 0.41977707  0.5523241 ]
Pittsburgh Steelers  vs. Cleveland Browns
[ 0.5727406   0.42895123]
San Diego Chargers  vs. Oakland Raiders
[ 0.73128841  0.32538537]
Washington Redskins  vs. Arizona Cardinals
[ 0.25073967  0.75802073]
Dallas Cowboys  vs. Seattle Seahawks
[ 0.00716193  0.96953688]
Green Bay Packers  vs. Miami Dolphins
[ 0.68536389  0.34537194]
Baltimore Ravens  vs. Tampa Bay Buccaneers
[ 0.65143773  0.3840687 ]
Detroit Lions  vs. Minnesota Vikings
[ 0.8939579   0.21879564]
Chicago Bears  vs. Atlanta Falcons
[ 0.61939458  0.39732432]
Denver Broncos  vs. New York Jets
[ 0.86597909  0.2163432 ]
San Francisco 49ers  vs. St. Louis Rams
[ 0.74586113  0.33384841]
over 65% 7-1
